<?xml version="1.0" encoding="UTF-8"?>
<!-- Generated by org.testng.reporters.JUnitXMLReporter -->
<testsuite hostname="LAPTOP-OMRO4GL7" ignored="0" name="Test" tests="4" failures="0" timestamp="28 Sep 2018 19:29:29 GMT" time="43.537" errors="0">
  <testcase name="testA" time="0.044" classname="script.DemoA"/>
  <testcase name="testB" time="0.0" classname="script.DemoA"/>
  <testcase name="testA" time="0.828" classname="script.TestDemo"/>
  <testcase name="TestLogin" time="8.829" classname="script.TestDemo2"/>
</testsuite> <!-- Test -->
