<?xml version="1.0" encoding="UTF-8"?>
<testng-results skipped="0" failed="0" ignored="0" total="1" passed="1">
  <reporter-output>
    <line>
      <![CDATA[Data : UserName]]>
    </line>
    <line>
      <![CDATA[Row : 1]]>
    </line>
    <line>
      <![CDATA[Test : testA is Passed]]>
    </line>
  </reporter-output>
  <suite name="Suite" duration-ms="21508" started-at="2018-09-27T20:14:17Z" finished-at="2018-09-27T20:14:38Z">
    <groups>
    </groups>
    <test name="Test" duration-ms="21508" started-at="2018-09-27T20:14:17Z" finished-at="2018-09-27T20:14:38Z">
      <class name="script.TestDemo">
        <test-method status="PASS" signature="openApp(java.lang.String, java.lang.String)[pri:0, instance:script.TestDemo@204f30ec]" name="openApp" is-config="true" duration-ms="17953" started-at="2018-09-27T20:14:17Z" finished-at="2018-09-27T20:14:35Z">
          <params>
            <param index="0">
              <value>
                <![CDATA[localhost]]>
              </value>
            </param>
            <param index="1">
              <value>
                <![CDATA[firefox]]>
              </value>
            </param>
          </params>
          <reporter-output>
          </reporter-output>
        </test-method> <!-- openApp -->
        <test-method status="PASS" signature="testA()[pri:0, instance:script.TestDemo@204f30ec]" name="testA" duration-ms="653" started-at="2018-09-27T20:14:35Z" finished-at="2018-09-27T20:14:35Z">
          <reporter-output>
            <line>
              <![CDATA[Data : UserName]]>
            </line>
            <line>
              <![CDATA[Row : 1]]>
            </line>
          </reporter-output>
        </test-method> <!-- testA -->
        <test-method status="PASS" signature="closeApp(org.testng.ITestResult)[pri:0, instance:script.TestDemo@204f30ec]" name="closeApp" is-config="true" duration-ms="2851" started-at="2018-09-27T20:14:35Z" finished-at="2018-09-27T20:14:38Z">
          <params>
            <param index="0">
              <value>
                <![CDATA[[TestResult name=testA status=SUCCESS method=TestDemo.testA()[pri:0, instance:script.TestDemo@204f30ec] output=Data : UserName]]]>
              </value>
            </param>
          </params>
          <reporter-output>
            <line>
              <![CDATA[Test : testA is Passed]]>
            </line>
          </reporter-output>
        </test-method> <!-- closeApp -->
      </class> <!-- script.TestDemo -->
    </test> <!-- Test -->
  </suite> <!-- Suite -->
</testng-results>
